<?xml version="1.0" encoding="UTF-8"?>
<!-- Generated by org.testng.reporters.JUnitXMLReporter -->
<testsuite ignored="0" hostname="LAPTOP-79K7PUD0" failures="0" tests="1" name="Test-edge" time="105.66" errors="0" timestamp="2023-10-13T20:01:52 IST">
  <testcase classname="contactsTests.CreateContactWithOrganizationTest" name="CreateContactWithOrgTest" time="19.848"/>
</testsuite> <!-- Test-edge -->
