<?xml version="1.0" encoding="UTF-8"?>
<!-- Generated by org.testng.reporters.JUnitXMLReporter -->
<testsuite ignored="0" hostname="LAPTOP-79K7PUD0" failures="0" tests="1" name="Test-Chrome" time="193.387" errors="0" timestamp="2023-10-13T20:03:20 IST">
  <testcase classname="contactsTests.CreateContactWithOrganizationTest" name="CreateContactWithOrgTest" time="19.118"/>
</testsuite> <!-- Test-Chrome -->
