<?xml version="1.0" encoding="UTF-8"?>
<!-- Generated by org.testng.reporters.JUnitReportReporter -->
<testsuite hostname="LAPTOP-79K7PUD0" failures="0" tests="1" name="practice.MavenRead" time="0.010" errors="0" timestamp="2023-10-25T19:58:13 IST" skipped="0">
  <testcase classname="practice.MavenRead" name="Read" time="0.010"/>
</testsuite> <!-- practice.MavenRead -->
