<?xml version="1.0" encoding="UTF-8"?>
<!-- Generated by org.testng.reporters.JUnitReportReporter -->
<testsuite hostname="LAPTOP-79K7PUD0" failures="0" tests="1" name="contactsTests.CreateContact$Scenario1Test" time="25.350" errors="0" timestamp="2023-10-16T19:46:49 IST" skipped="0">
  <testcase classname="contactsTests.CreateContact$Scenario1Test" name="Scenario11Test" time="25.350"/>
</testsuite> <!-- contactsTests.CreateContact$Scenario1Test -->
