<?xml version="1.0" encoding="UTF-8"?>
<!-- Generated by org.testng.reporters.JUnitReportReporter -->
<testsuite hostname="LAPTOP-79K7PUD0" failures="0" tests="2" name="practice.DataProviderPractice" time="0.015" errors="0" timestamp="2023-10-05T20:21:04 IST" skipped="0">
  <testcase classname="practice.DataProviderPractice" name="addProductToCart" time="0.001"/>
  <testcase classname="practice.DataProviderPractice" name="addProductToCart" time="0.014"/>
</testsuite> <!-- practice.DataProviderPractice -->
