<?xml version="1.0" encoding="UTF-8"?>
<!-- Generated by org.testng.reporters.JUnitReportReporter -->
<testsuite hostname="LAPTOP-79K7PUD0" failures="0" tests="1" name="practice.Scenario2Test" time="18.739" errors="0" timestamp="2023-10-03T20:16:19 IST" skipped="0">
  <testcase classname="practice.Scenario2Test" name="Scenario22Test" time="18.739"/>
</testsuite> <!-- practice.Scenario2Test -->
