<?xml version="1.0" encoding="UTF-8"?>
<!-- Generated by org.testng.reporters.JUnitReportReporter -->
<testsuite hostname="LAPTOP-79K7PUD0" failures="0" tests="1" name="contactsTests.CreateContactWithOrganizationTest" time="20.030" errors="0" timestamp="2023-10-30T19:37:33 IST" skipped="0">
  <testcase classname="contactsTests.CreateContactWithOrganizationTest" name="CreateContactWithOrgTest" time="20.030"/>
</testsuite> <!-- contactsTests.CreateContactWithOrganizationTest -->
